{
  "numFailedTestSuites": 0,
  "numFailedTests": 0,
  "numPassedTestSuites": 1,
  "numPassedTests": 3,
  "numPendingTestSuites": 0,
  "numPendingTests": 0,
  "numRuntimeErrorTestSuites": 0,
  "numTodoTests": 0,
  "numTotalTestSuites": 1,
  "numTotalTests": 3,
  "openHandles": [],
  "snapshot": {
    "added": 0,
    "didUpdate": false,
    "failure": false,
    "filesAdded": 0,
    "filesRemoved": 0,
    "filesRemovedList": [],
    "filesUnmatched": 0,
    "filesUpdated": 0,
    "matched": 0,
    "total": 0,
    "unchecked": 0,
    "uncheckedKeysByFile": [],
    "unmatched": 0,
    "updated": 0
  },
  "startTime": 1769849531119,
  "success": true,
  "testResults": [
    {
      "assertionResults": [
        {
          "ancestorTitles": ["workerService", "runOnWorker"],
          "duration": 52,
          "failureDetails": [],
          "failureMessages": [],
          "fullName": "workerService runOnWorker should run asynchronously using setTimeout",
          "invocations": 1,
          "location": null,
          "numPassingAsserts": 2,
          "retryReasons": [],
          "status": "passed",
          "title": "should run asynchronously using setTimeout"
        },
        {
          "ancestorTitles": ["workerService", "runOnWorker"],
          "duration": 14,
          "failureDetails": [],
          "failureMessages": [],
          "fullName": "workerService runOnWorker should handle errors correctly",
          "invocations": 1,
          "location": null,
          "numPassingAsserts": 1,
          "retryReasons": [],
          "status": "passed",
          "title": "should handle errors correctly"
        },
        {
          "ancestorTitles": ["workerService", "processInChunks"],
          "duration": 7,
          "failureDetails": [],
          "failureMessages": [],
          "fullName": "workerService processInChunks should process items in chunks",
          "invocations": 1,
          "location": null,
          "numPassingAsserts": 3,
          "retryReasons": [],
          "status": "passed",
          "title": "should process items in chunks"
        }
      ],
      "endTime": 1769849535469,
      "message": "",
      "name": "F:\\project\\SubTrack\\src\\services\\__tests__\\workerService.test.ts",
      "startTime": 1769849531411,
      "status": "passed",
      "summary": ""
    }
  ],
  "wasInterrupted": false
}
